# JRE version: Java(TM) SE Runtime Environment (8.0_191-b12) (build 1.8.0_191-b12)
# Java VM: Java HotSpot(TM) 64-Bit Server VM (25.191-b12 mixed mode windows-amd64 compressed oops)
Heap:
 PSYoungGen      total 38400K, used 26694K [0x00000000d5f00000, 0x00000000da580000, 0x0000000100000000)
  eden space 33280K, 65% used [0x00000000d5f00000,0x00000000d7428d20,0x00000000d7f80000)
  from space 5120K, 98% used [0x00000000d7f80000,0x00000000d8468c40,0x00000000d8480000)
  to   space 7680K, 0% used [0x00000000d9e00000,0x00000000d9e00000,0x00000000da580000)
 ParOldGen       total 51712K, used 6725K [0x0000000081c00000, 0x0000000084e80000, 0x00000000d5f00000)
  object space 51712K, 13% used [0x0000000081c00000,0x00000000822916a0,0x0000000084e80000)
 Metaspace       used 27185K, capacity 27822K, committed 27904K, reserved 1073152K
  class space    used 3587K, capacity 3773K, committed 3840K, reserved 1048576K
GC Heap History (10 events):
Event: 1.420 GC heap before
{Heap before GC invocations=4 (full 0):
 PSYoungGen      total 38400K, used 38371K [0x00000000d5f00000, 0x00000000d8980000, 0x0000000100000000)
  eden space 33280K, 100% used [0x00000000d5f00000,0x00000000d7f80000,0x00000000d7f80000)
  from space 5120K, 99% used [0x00000000d7f80000,0x00000000d8478cb8,0x00000000d8480000)
  to   space 5120K, 0% used [0x00000000d8480000,0x00000000d8480000,0x00000000d8980000)
 ParOldGen       total 87552K, used 801K [0x0000000081c00000, 0x0000000087180000, 0x00000000d5f00000)
  object space 87552K, 0% used [0x0000000081c00000,0x0000000081cc8590,0x0000000087180000)
 Metaspace       used 17396K, capacity 17902K, committed 18176K, reserved 1064960K
  class space    used 2337K, capacity 2467K, committed 2560K, reserved 1048576K
Event: 1.425 GC heap after
Heap after GC invocations=4 (full 0):
 PSYoungGen      total 38400K, used 5117K [0x00000000d5f00000, 0x00000000d8980000, 0x0000000100000000)
  eden space 33280K, 0% used [0x00000000d5f00000,0x00000000d5f00000,0x00000000d7f80000)
  from space 5120K, 99% used [0x00000000d8480000,0x00000000d897f680,0x00000000d8980000)
  to   space 5120K, 0% used [0x00000000d7f80000,0x00000000d7f80000,0x00000000d8480000)
 ParOldGen       total 87552K, used 1855K [0x0000000081c00000, 0x0000000087180000, 0x00000000d5f00000)
  object space 87552K, 2% used [0x0000000081c00000,0x0000000081dcfcc8,0x0000000087180000)
 Metaspace       used 17396K, capacity 17902K, committed 18176K, reserved 1064960K
  class space    used 2337K, capacity 2467K, committed 2560K, reserved 1048576K
}
Event: 1.570 GC heap before
{Heap before GC invocations=5 (full 0):
 PSYoungGen      total 38400K, used 38397K [0x00000000d5f00000, 0x00000000d8980000, 0x0000000100000000)
  eden space 33280K, 100% used [0x00000000d5f00000,0x00000000d7f80000,0x00000000d7f80000)
  from space 5120K, 99% used [0x00000000d8480000,0x00000000d897f680,0x00000000d8980000)
  to   space 5120K, 0% used [0x00000000d7f80000,0x00000000d7f80000,0x00000000d8480000)
 ParOldGen       total 87552K, used 1855K [0x0000000081c00000, 0x0000000087180000, 0x00000000d5f00000)
  object space 87552K, 2% used [0x0000000081c00000,0x0000000081dcfcc8,0x0000000087180000)
 Metaspace       used 19407K, capacity 19954K, committed 20224K, reserved 1067008K
  class space    used 2668K, capacity 2803K, committed 2816K, reserved 1048576K
Event: 1.576 GC heap after
Heap after GC invocations=5 (full 0):
 PSYoungGen      total 38400K, used 5096K [0x00000000d5f00000, 0x00000000d8980000, 0x0000000100000000)
  eden space 33280K, 0% used [0x00000000d5f00000,0x00000000d5f00000,0x00000000d7f80000)
  from space 5120K, 99% used [0x00000000d7f80000,0x00000000d847a328,0x00000000d8480000)
  to   space 5120K, 0% used [0x00000000d8480000,0x00000000d8480000,0x00000000d8980000)
 ParOldGen       total 87552K, used 3798K [0x0000000081c00000, 0x0000000087180000, 0x00000000d5f00000)
  object space 87552K, 4% used [0x0000000081c00000,0x0000000081fb5bb0,0x0000000087180000)
 Metaspace       used 19407K, capacity 19954K, committed 20224K, reserved 1067008K
  class space    used 2668K, capacity 2803K, committed 2816K, reserved 1048576K
}
Event: 1.652 GC heap before
{Heap before GC invocations=6 (full 0):
 PSYoungGen      total 38400K, used 18431K [0x00000000d5f00000, 0x00000000d8980000, 0x0000000100000000)
  eden space 33280K, 40% used [0x00000000d5f00000,0x00000000d6c05be8,0x00000000d7f80000)
  from space 5120K, 99% used [0x00000000d7f80000,0x00000000d847a328,0x00000000d8480000)
  to   space 5120K, 0% used [0x00000000d8480000,0x00000000d8480000,0x00000000d8980000)
 ParOldGen       total 87552K, used 3798K [0x0000000081c00000, 0x0000000087180000, 0x00000000d5f00000)
  object space 87552K, 4% used [0x0000000081c00000,0x0000000081fb5bb0,0x0000000087180000)
 Metaspace       used 20589K, capacity 21120K, committed 21248K, reserved 1067008K
  class space    used 2830K, capacity 2980K, committed 3072K, reserved 1048576K
Event: 1.658 GC heap after
Heap after GC invocations=6 (full 0):
 PSYoungGen      total 38400K, used 5089K [0x00000000d5f00000, 0x00000000d8980000, 0x0000000100000000)
  eden space 33280K, 0% used [0x00000000d5f00000,0x00000000d5f00000,0x00000000d7f80000)
  from space 5120K, 99% used [0x00000000d8480000,0x00000000d89784f0,0x00000000d8980000)
  to   space 5120K, 0% used [0x00000000d7f80000,0x00000000d7f80000,0x00000000d8480000)
 ParOldGen       total 87552K, used 5451K [0x0000000081c00000, 0x0000000087180000, 0x00000000d5f00000)
  object space 87552K, 6% used [0x0000000081c00000,0x0000000082152ca0,0x0000000087180000)
 Metaspace       used 20589K, capacity 21120K, committed 21248K, reserved 1067008K
  class space    used 2830K, capacity 2980K, committed 3072K, reserved 1048576K
}
Event: 1.658 GC heap before
{Heap before GC invocations=7 (full 1):
 PSYoungGen      total 38400K, used 5089K [0x00000000d5f00000, 0x00000000d8980000, 0x0000000100000000)
  eden space 33280K, 0% used [0x00000000d5f00000,0x00000000d5f00000,0x00000000d7f80000)
  from space 5120K, 99% used [0x00000000d8480000,0x00000000d89784f0,0x00000000d8980000)
  to   space 5120K, 0% used [0x00000000d7f80000,0x00000000d7f80000,0x00000000d8480000)
 ParOldGen       total 87552K, used 5451K [0x0000000081c00000, 0x0000000087180000, 0x00000000d5f00000)
  object space 87552K, 6% used [0x0000000081c00000,0x0000000082152ca0,0x0000000087180000)
 Metaspace       used 20589K, capacity 21120K, committed 21248K, reserved 1067008K
  class space    used 2830K, capacity 2980K, committed 3072K, reserved 1048576K
Event: 1.681 GC heap after
Heap after GC invocations=7 (full 1):
 PSYoungGen      total 38400K, used 0K [0x00000000d5f00000, 0x00000000d8980000, 0x0000000100000000)
  eden space 33280K, 0% used [0x00000000d5f00000,0x00000000d5f00000,0x00000000d7f80000)
  from space 5120K, 0% used [0x00000000d8480000,0x00000000d8480000,0x00000000d8980000)
  to   space 5120K, 0% used [0x00000000d7f80000,0x00000000d7f80000,0x00000000d8480000)
 ParOldGen       total 51712K, used 6717K [0x0000000081c00000, 0x0000000084e80000, 0x00000000d5f00000)
  object space 51712K, 12% used [0x0000000081c00000,0x000000008228f6a0,0x0000000084e80000)
 Metaspace       used 20589K, capacity 21120K, committed 21248K, reserved 1067008K
  class space    used 2830K, capacity 2980K, committed 3072K, reserved 1048576K
}
Event: 1.847 GC heap before
{Heap before GC invocations=8 (full 1):
 PSYoungGen      total 38400K, used 33280K [0x00000000d5f00000, 0x00000000d8980000, 0x0000000100000000)
  eden space 33280K, 100% used [0x00000000d5f00000,0x00000000d7f80000,0x00000000d7f80000)
  from space 5120K, 0% used [0x00000000d8480000,0x00000000d8480000,0x00000000d8980000)
  to   space 5120K, 0% used [0x00000000d7f80000,0x00000000d7f80000,0x00000000d8480000)
 ParOldGen       total 51712K, used 6717K [0x0000000081c00000, 0x0000000084e80000, 0x00000000d5f00000)
  object space 51712K, 12% used [0x0000000081c00000,0x000000008228f6a0,0x0000000084e80000)
 Metaspace       used 24827K, capacity 25344K, committed 25472K, reserved 1071104K
  class space    used 3282K, capacity 3428K, committed 3456K, reserved 1048576K
Event: 1.850 GC heap after
Heap after GC invocations=8 (full 1):
 PSYoungGen      total 38400K, used 5027K [0x00000000d5f00000, 0x00000000da580000, 0x0000000100000000)
  eden space 33280K, 0% used [0x00000000d5f00000,0x00000000d5f00000,0x00000000d7f80000)
  from space 5120K, 98% used [0x00000000d7f80000,0x00000000d8468c40,0x00000000d8480000)
  to   space 7680K, 0% used [0x00000000d9e00000,0x00000000d9e00000,0x00000000da580000)
 ParOldGen       total 51712K, used 6725K [0x0000000081c00000, 0x0000000084e80000, 0x00000000d5f00000)
  object space 51712K, 13% used [0x0000000081c00000,0x00000000822916a0,0x0000000084e80000)
 Metaspace       used 24827K, capacity 25344K, committed 25472K, reserved 1071104K
  class space    used 3282K, capacity 3428K, committed 3456K, reserved 1048576K
}

